C:\USERS\ADMINISTRATOR\DESKTOP\GITCODE\COMWORK\CSWORK\CSWORK\DEBUG\CSWORK.PCH
C:\USERS\ADMINISTRATOR\DESKTOP\GITCODE\COMWORK\CSWORK\CSWORK\DEBUG\STDAFX.OBJ
C:\USERS\ADMINISTRATOR\DESKTOP\GITCODE\COMWORK\CSWORK\CSWORK\DEBUG\VC110.PDB
C:\USERS\ADMINISTRATOR\DESKTOP\GITCODE\COMWORK\CSWORK\CSWORK\DEBUG\CSWORK.OBJ
C:\USERS\ADMINISTRATOR\DESKTOP\GITCODE\COMWORK\DEBUG\CSWORK.ILK
C:\USERS\ADMINISTRATOR\DESKTOP\GITCODE\COMWORK\DEBUG\CSWORK.EXE
C:\USERS\ADMINISTRATOR\DESKTOP\GITCODE\COMWORK\DEBUG\CSWORK.PDB
C:\Users\Administrator\Desktop\gitcode\comWork\cswork\cswork\Debug\cswork.obj
C:\Users\Administrator\Desktop\gitcode\comWork\cswork\cswork\Debug\stdafx.obj
C:\Users\Administrator\Desktop\gitcode\comWork\cswork\cswork\Debug\cl.command.1.tlog
C:\Users\Administrator\Desktop\gitcode\comWork\cswork\cswork\Debug\CL.read.1.tlog
C:\Users\Administrator\Desktop\gitcode\comWork\cswork\cswork\Debug\CL.write.1.tlog
C:\Users\Administrator\Desktop\gitcode\comWork\cswork\cswork\Debug\link-cvtres.read.1.tlog
C:\Users\Administrator\Desktop\gitcode\comWork\cswork\cswork\Debug\link-cvtres.write.1.tlog
C:\Users\Administrator\Desktop\gitcode\comWork\cswork\cswork\Debug\link-rc.read.1.tlog
C:\Users\Administrator\Desktop\gitcode\comWork\cswork\cswork\Debug\link-rc.write.1.tlog
C:\Users\Administrator\Desktop\gitcode\comWork\cswork\cswork\Debug\link.command.1.tlog
C:\Users\Administrator\Desktop\gitcode\comWork\cswork\cswork\Debug\link.read.1.tlog
C:\Users\Administrator\Desktop\gitcode\comWork\cswork\cswork\Debug\link.write.1.tlog
C:\Users\Administrator\Desktop\gitcode\comWork\cswork\cswork\Debug\cswork.pch
C:\Users\Administrator\Desktop\gitcode\comWork\cswork\cswork\Debug\vc110.idb
C:\Users\Administrator\Desktop\gitcode\comWork\cswork\cswork\Debug\vc110.pdb
