C:\USERS\ADMINISTRATOR\DESKTOP\GITCODE\COMWORK\CSWORK\PATTERN\DEBUG\PATTERN.PCH
C:\USERS\ADMINISTRATOR\DESKTOP\GITCODE\COMWORK\CSWORK\PATTERN\DEBUG\STDAFX.OBJ
C:\USERS\ADMINISTRATOR\DESKTOP\GITCODE\COMWORK\CSWORK\PATTERN\DEBUG\VC110.PDB
C:\USERS\ADMINISTRATOR\DESKTOP\GITCODE\COMWORK\CSWORK\PATTERN\DEBUG\PATTERN.OBJ
C:\USERS\ADMINISTRATOR\DESKTOP\GITCODE\COMWORK\CSWORK\DEBUG\PATTERN.ILK
C:\USERS\ADMINISTRATOR\DESKTOP\GITCODE\COMWORK\CSWORK\DEBUG\PATTERN.EXE
C:\USERS\ADMINISTRATOR\DESKTOP\GITCODE\COMWORK\CSWORK\DEBUG\PATTERN.PDB
C:\Users\Administrator\Desktop\gitcode\comWork\cswork\pattern\Debug\pattern.obj
C:\Users\Administrator\Desktop\gitcode\comWork\cswork\pattern\Debug\stdafx.obj
C:\Users\Administrator\Desktop\gitcode\comWork\cswork\pattern\Debug\cl.command.1.tlog
C:\Users\Administrator\Desktop\gitcode\comWork\cswork\pattern\Debug\CL.read.1.tlog
C:\Users\Administrator\Desktop\gitcode\comWork\cswork\pattern\Debug\CL.write.1.tlog
C:\Users\Administrator\Desktop\gitcode\comWork\cswork\pattern\Debug\link-cvtres.read.1.tlog
C:\Users\Administrator\Desktop\gitcode\comWork\cswork\pattern\Debug\link-cvtres.write.1.tlog
C:\Users\Administrator\Desktop\gitcode\comWork\cswork\pattern\Debug\link-rc.read.1.tlog
C:\Users\Administrator\Desktop\gitcode\comWork\cswork\pattern\Debug\link-rc.write.1.tlog
C:\Users\Administrator\Desktop\gitcode\comWork\cswork\pattern\Debug\link.command.1.tlog
C:\Users\Administrator\Desktop\gitcode\comWork\cswork\pattern\Debug\link.read.1.tlog
C:\Users\Administrator\Desktop\gitcode\comWork\cswork\pattern\Debug\link.write.1.tlog
C:\Users\Administrator\Desktop\gitcode\comWork\cswork\pattern\Debug\pattern.pch
C:\Users\Administrator\Desktop\gitcode\comWork\cswork\pattern\Debug\vc110.idb
C:\Users\Administrator\Desktop\gitcode\comWork\cswork\pattern\Debug\vc110.pdb
C:\Users\Administrator\Desktop\gitcode\comWork\cswork\Debug\pattern.pdb
C:\Users\Administrator\Desktop\gitcode\comWork\cswork\Debug\pattern.exe
C:\Users\Administrator\Desktop\gitcode\comWork\cswork\Debug\pattern.ilk
