C:\Users\Administrator\Desktop\gitcode\comWork\cc\Debug\capp.lib
C:\Users\Administrator\Desktop\gitcode\comWork\cc\Debug\capp.exp
C:\USERS\ADMINISTRATOR\DESKTOP\GITCODE\COMWORK\CC\CONSOLEAPPLICATION1\DEBUG\CAPP.PCH
C:\USERS\ADMINISTRATOR\DESKTOP\GITCODE\COMWORK\CC\CONSOLEAPPLICATION1\DEBUG\STDAFX.OBJ
C:\USERS\ADMINISTRATOR\DESKTOP\GITCODE\COMWORK\CC\CONSOLEAPPLICATION1\DEBUG\VC110.PDB
C:\USERS\ADMINISTRATOR\DESKTOP\GITCODE\COMWORK\CC\CONSOLEAPPLICATION1\DEBUG\CA.OBJ
C:\USERS\ADMINISTRATOR\DESKTOP\GITCODE\COMWORK\CC\DEBUG\CAPP.ILK
C:\USERS\ADMINISTRATOR\DESKTOP\GITCODE\COMWORK\CC\DEBUG\CAPP.EXE
C:\USERS\ADMINISTRATOR\DESKTOP\GITCODE\COMWORK\CC\DEBUG\CAPP.PDB
C:\Users\Administrator\Desktop\gitcode\comWork\cc\ConsoleApplication1\Debug\ca.obj
C:\Users\Administrator\Desktop\gitcode\comWork\cc\ConsoleApplication1\Debug\stdafx.obj
C:\Users\Administrator\Desktop\gitcode\comWork\cc\ConsoleApplication1\Debug\capp.write.1.tlog
C:\Users\Administrator\Desktop\gitcode\comWork\cc\ConsoleApplication1\Debug\cl.command.1.tlog
C:\Users\Administrator\Desktop\gitcode\comWork\cc\ConsoleApplication1\Debug\CL.read.1.tlog
C:\Users\Administrator\Desktop\gitcode\comWork\cc\ConsoleApplication1\Debug\CL.write.1.tlog
C:\Users\Administrator\Desktop\gitcode\comWork\cc\ConsoleApplication1\Debug\link-cvtres.read.1.tlog
C:\Users\Administrator\Desktop\gitcode\comWork\cc\ConsoleApplication1\Debug\link-cvtres.write.1.tlog
C:\Users\Administrator\Desktop\gitcode\comWork\cc\ConsoleApplication1\Debug\link-rc.read.1.tlog
C:\Users\Administrator\Desktop\gitcode\comWork\cc\ConsoleApplication1\Debug\link-rc.write.1.tlog
C:\Users\Administrator\Desktop\gitcode\comWork\cc\ConsoleApplication1\Debug\link.command.1.tlog
C:\Users\Administrator\Desktop\gitcode\comWork\cc\ConsoleApplication1\Debug\link.read.1.tlog
C:\Users\Administrator\Desktop\gitcode\comWork\cc\ConsoleApplication1\Debug\link.write.1.tlog
C:\Users\Administrator\Desktop\gitcode\comWork\cc\ConsoleApplication1\Debug\capp.pch
C:\Users\Administrator\Desktop\gitcode\comWork\cc\ConsoleApplication1\Debug\vc110.idb
C:\Users\Administrator\Desktop\gitcode\comWork\cc\ConsoleApplication1\Debug\vc110.pdb
C:\Users\Administrator\Desktop\gitcode\comWork\cc\Debug\capp.pdb
C:\Users\Administrator\Desktop\gitcode\comWork\cc\Debug\capp.exe
C:\Users\Administrator\Desktop\gitcode\comWork\cc\Debug\capp.ilk
